android/app/build/intermediates/manifest_merge_blame_file/release/manifest-merger-blame-release-report.txt
1<?xml version="1.0" encoding="utf-8"?>
2<manifest xmlns:android="http://schemas.android.com/apk/res/android"
3    package="com.example.gabble"
4    android:versionCode="1"
5    android:versionName="1.0" >
6
7    <uses-sdk
8        android:minSdkVersion="23"
8-->src\main\AndroidManifest.xml
9        android:targetSdkVersion="31" />
9-->src\main\AndroidManifest.xml
10
11    <uses-permission android:name="android.permission.INTERNET" />
11-->src\main\AndroidManifest.xml:6:5-67
11-->src\main\AndroidManifest.xml:6:22-64
12    <uses-permission android:name="android.permission.CAMERA" />
12-->src\main\AndroidManifest.xml:7:5-65
12-->src\main\AndroidManifest.xml:7:22-62
13
14    <uses-feature android:name="android.hardware.camera" />
14-->src\main\AndroidManifest.xml:9:5-60
14-->src\main\AndroidManifest.xml:9:19-57
15
16    <uses-permission android:name="android.permission.READ_EXTERNAL_STORAGE" />
16-->src\main\AndroidManifest.xml:11:5-80
16-->src\main\AndroidManifest.xml:11:22-77
17    <uses-permission android:name="android.permission.WRITE_EXTERNAL_STORAGE" />
17-->src\main\AndroidManifest.xml:12:5-81
17-->src\main\AndroidManifest.xml:12:22-78
18    <uses-permission android:name="android.permission.VIBRATE" />
18-->src\main\AndroidManifest.xml:13:5-66
18-->src\main\AndroidManifest.xml:13:22-63
19    <uses-permission android:name="android.permission.READ_CONTACTS" />
19-->src\main\AndroidManifest.xml:14:5-72
19-->src\main\AndroidManifest.xml:14:22-69
20
21    <!-- Although the *SdkVersion is captured in gradle build files, this is required for non gradle builds -->
22    <!-- <uses-sdk android:minSdkVersion="14"/> -->
23    <uses-permission android:name="android.permission.ACCESS_NETWORK_STATE" />
23-->[com.google.firebase:firebase-database:20.0.2] AndroidManifest.xml:25:5-79
23-->[com.google.firebase:firebase-database:20.0.2] AndroidManifest.xml:25:22-76
24    <uses-permission android:name="android.permission.WAKE_LOCK" /> <!-- Required by older versions of Google Play services to create IID tokens -->
24-->[com.google.firebase:firebase-messaging:23.0.0] AndroidManifest.xml:23:5-68
24-->[com.google.firebase:firebase-messaging:23.0.0] AndroidManifest.xml:23:22-65
25    <uses-permission android:name="com.google.android.c2dm.permission.RECEIVE" />
25-->[com.google.firebase:firebase-messaging:23.0.0] AndroidManifest.xml:25:5-82
25-->[com.google.firebase:firebase-messaging:23.0.0] AndroidManifest.xml:25:22-79
26
27    <uses-feature
27-->[com.journeyapps:zxing-android-embedded:4.3.0] AndroidManifest.xml:28:5-30:36
28        android:name="android.hardware.camera.front"
28-->[com.journeyapps:zxing-android-embedded:4.3.0] AndroidManifest.xml:29:9-53
29        android:required="false" /> <!-- TODO replace above two with next line after Android 4.2 -->
29-->[com.journeyapps:zxing-android-embedded:4.3.0] AndroidManifest.xml:30:9-33
30    <!-- <uses-feature android:name="android.hardware.camera.any"/> -->
31    <uses-feature
31-->[com.journeyapps:zxing-android-embedded:4.3.0] AndroidManifest.xml:33:5-35:36
32        android:name="android.hardware.camera.autofocus"
32-->[com.journeyapps:zxing-android-embedded:4.3.0] AndroidManifest.xml:34:9-57
33        android:required="false" />
33-->[com.journeyapps:zxing-android-embedded:4.3.0] AndroidManifest.xml:35:9-33
34    <uses-feature
34-->[com.journeyapps:zxing-android-embedded:4.3.0] AndroidManifest.xml:36:5-38:36
35        android:name="android.hardware.camera.flash"
35-->[com.journeyapps:zxing-android-embedded:4.3.0] AndroidManifest.xml:37:9-53
36        android:required="false" />
36-->[com.journeyapps:zxing-android-embedded:4.3.0] AndroidManifest.xml:38:9-33
37    <uses-feature
37-->[com.journeyapps:zxing-android-embedded:4.3.0] AndroidManifest.xml:39:5-41:36
38        android:name="android.hardware.screen.landscape"
38-->[com.journeyapps:zxing-android-embedded:4.3.0] AndroidManifest.xml:40:9-57
39        android:required="false" />
39-->[com.journeyapps:zxing-android-embedded:4.3.0] AndroidManifest.xml:41:9-33
40    <uses-feature
40-->[com.journeyapps:zxing-android-embedded:4.3.0] AndroidManifest.xml:42:5-44:36
41        android:name="android.hardware.wifi"
41-->[com.journeyapps:zxing-android-embedded:4.3.0] AndroidManifest.xml:43:9-45
42        android:required="false" />
42-->[com.journeyapps:zxing-android-embedded:4.3.0] AndroidManifest.xml:44:9-33
43
44    <application
44-->src\main\AndroidManifest.xml:16:5-96:19
45        android:allowBackup="true"
45-->src\main\AndroidManifest.xml:17:9-35
46        android:appComponentFactory="androidx.core.app.CoreComponentFactory"
46-->[androidx.core:core:1.7.0] AndroidManifest.xml:24:18-86
47        android:extractNativeLibs="false"
48        android:icon="@drawable/ic_cat"
48-->src\main\AndroidManifest.xml:18:9-40
49        android:label="@string/app_name"
49-->src\main\AndroidManifest.xml:19:9-41
50        android:roundIcon="@drawable/ic_cat"
50-->src\main\AndroidManifest.xml:20:9-45
51        android:supportsRtl="true"
51-->src\main\AndroidManifest.xml:21:9-35
52        android:theme="@style/Theme.Gabble" >
52-->src\main\AndroidManifest.xml:22:9-44
53        <activity
53-->src\main\AndroidManifest.xml:23:9-25:40
54            android:name="com.example.gabble.activities.ReceiverProfileActivity"
54-->src\main\AndroidManifest.xml:24:13-63
55            android:exported="false" />
55-->src\main\AndroidManifest.xml:25:13-37
56        <activity
56-->src\main\AndroidManifest.xml:26:9-28:40
57            android:name="com.example.gabble.activities.ContactsActivity"
57-->src\main\AndroidManifest.xml:27:13-56
58            android:exported="false" />
58-->src\main\AndroidManifest.xml:28:13-37
59        <activity
59-->src\main\AndroidManifest.xml:29:9-31:40
60            android:name="com.example.gabble.activities.MyQrActivity"
60-->src\main\AndroidManifest.xml:30:13-52
61            android:exported="false" />
61-->src\main\AndroidManifest.xml:31:13-37
62        <activity
62-->src\main\AndroidManifest.xml:32:9-34:40
63            android:name="com.example.gabble.activities.ViewImageActivity"
63-->src\main\AndroidManifest.xml:33:13-57
64            android:exported="false" />
64-->src\main\AndroidManifest.xml:34:13-37
65        <activity
65-->src\main\AndroidManifest.xml:35:9-37:40
66            android:name="com.example.gabble.activities.ArchivedChatActivity"
66-->src\main\AndroidManifest.xml:36:13-60
67            android:exported="false" />
67-->src\main\AndroidManifest.xml:37:13-37
68        <activity
68-->src\main\AndroidManifest.xml:38:9-42:58
69            android:name="com.example.gabble.activities.CreateStoryActivity"
69-->src\main\AndroidManifest.xml:39:13-59
70            android:exported="false"
70-->src\main\AndroidManifest.xml:40:13-37
71            android:theme="@style/Theme.Story"
71-->src\main\AndroidManifest.xml:41:13-47
72            android:windowSoftInputMode="adjustResize" />
72-->src\main\AndroidManifest.xml:42:13-55
73        <activity
73-->src\main\AndroidManifest.xml:43:9-46:58
74            android:name="com.example.gabble.activities.ChatActivity"
74-->src\main\AndroidManifest.xml:44:13-52
75            android:exported="false"
75-->src\main\AndroidManifest.xml:45:13-37
76            android:windowSoftInputMode="adjustResize" />
76-->src\main\AndroidManifest.xml:46:13-55
77        <activity
77-->src\main\AndroidManifest.xml:47:9-49:40
78            android:name="com.example.gabble.activities.UserActivity"
78-->src\main\AndroidManifest.xml:48:13-52
79            android:exported="false" />
79-->src\main\AndroidManifest.xml:49:13-37
80        <activity
80-->src\main\AndroidManifest.xml:50:9-52:40
81            android:name="com.example.gabble.activities.StoryActivity"
81-->src\main\AndroidManifest.xml:51:13-53
82            android:exported="false" />
82-->src\main\AndroidManifest.xml:52:13-37
83        <activity
83-->src\main\AndroidManifest.xml:53:9-56:50
84            android:name="com.example.gabble.activities.StorySlidePagerActivity"
84-->src\main\AndroidManifest.xml:54:13-63
85            android:exported="false"
85-->src\main\AndroidManifest.xml:55:13-37
86            android:theme="@style/Theme.Story" />
86-->src\main\AndroidManifest.xml:56:13-47
87        <activity
87-->src\main\AndroidManifest.xml:57:9-66:20
88            android:name="com.example.gabble.activities.SplashScreen"
88-->src\main\AndroidManifest.xml:58:13-52
89            android:exported="true"
89-->src\main\AndroidManifest.xml:59:13-36
90            android:theme="@style/Theme.SplashScreen" >
90-->src\main\AndroidManifest.xml:60:13-54
91            <intent-filter>
91-->src\main\AndroidManifest.xml:61:13-65:29
92                <action android:name="android.intent.action.MAIN" />
92-->src\main\AndroidManifest.xml:62:17-69
92-->src\main\AndroidManifest.xml:62:25-66
93
94                <category android:name="android.intent.category.LAUNCHER" />
94-->src\main\AndroidManifest.xml:64:17-77
94-->src\main\AndroidManifest.xml:64:27-74
95            </intent-filter>
96        </activity>
97        <activity
97-->src\main\AndroidManifest.xml:67:9-69:39
98            android:name="com.example.gabble.activities.ProfileActivity"
98-->src\main\AndroidManifest.xml:68:13-55
99            android:exported="true" />
99-->src\main\AndroidManifest.xml:69:13-36
100        <activity
100-->src\main\AndroidManifest.xml:70:9-74:58
101            android:name="com.example.gabble.activities.ReceiveOtp"
101-->src\main\AndroidManifest.xml:71:13-50
102            android:exported="false"
102-->src\main\AndroidManifest.xml:72:13-37
103            android:theme="@style/Theme.NoActionBar"
103-->src\main\AndroidManifest.xml:73:13-53
104            android:windowSoftInputMode="adjustResize" />
104-->src\main\AndroidManifest.xml:74:13-55
105        <activity
105-->src\main\AndroidManifest.xml:75:9-79:58
106            android:name="com.example.gabble.activities.SendOtp"
106-->src\main\AndroidManifest.xml:76:13-47
107            android:exported="true"
107-->src\main\AndroidManifest.xml:77:13-36
108            android:theme="@style/Theme.NoActionBar"
108-->src\main\AndroidManifest.xml:78:13-53
109            android:windowSoftInputMode="adjustResize" />
109-->src\main\AndroidManifest.xml:79:13-55
110        <activity
110-->src\main\AndroidManifest.xml:80:9-83:58
111            android:name="com.example.gabble.activities.MainActivity"
111-->src\main\AndroidManifest.xml:81:13-52
112            android:exported="true"
112-->src\main\AndroidManifest.xml:82:13-36
113            android:windowSoftInputMode="adjustResize" />
113-->src\main\AndroidManifest.xml:83:13-55
114        <activity
114-->src\main\AndroidManifest.xml:84:9-87:49
115            android:name="com.journeyapps.barcodescanner.CaptureActivity"
115-->src\main\AndroidManifest.xml:85:13-74
116            android:clearTaskOnLaunch="true"
116-->[com.journeyapps:zxing-android-embedded:4.3.0] AndroidManifest.xml:49:13-45
117            android:screenOrientation="fullSensor"
117-->src\main\AndroidManifest.xml:86:13-51
118            android:stateNotNeeded="true"
118-->[com.journeyapps:zxing-android-embedded:4.3.0] AndroidManifest.xml:51:13-42
119            android:theme="@style/zxing_CaptureTheme"
119-->[com.journeyapps:zxing-android-embedded:4.3.0] AndroidManifest.xml:52:13-54
120            android:windowSoftInputMode="stateAlwaysHidden" />
120-->[com.journeyapps:zxing-android-embedded:4.3.0] AndroidManifest.xml:53:13-60
121
122        <service
122-->src\main\AndroidManifest.xml:89:9-95:19
123            android:name="com.example.gabble.firebase.MessagingService"
123-->src\main\AndroidManifest.xml:90:13-54
124            android:exported="false" >
124-->src\main\AndroidManifest.xml:91:13-37
125            <intent-filter>
125-->src\main\AndroidManifest.xml:92:13-94:29
126                <action android:name="com.google.firebase.MESSAGING_EVENT" />
126-->src\main\AndroidManifest.xml:93:17-78
126-->src\main\AndroidManifest.xml:93:25-75
127            </intent-filter>
128        </service>
129        <service
129-->[com.google.firebase:firebase-database:20.0.2] AndroidManifest.xml:29:9-35:19
130            android:name="com.google.firebase.components.ComponentDiscoveryService"
130-->[com.google.firebase:firebase-database:20.0.2] AndroidManifest.xml:30:13-84
131            android:directBootAware="true"
131-->[com.google.firebase:firebase-common:20.0.0] AndroidManifest.xml:35:13-43
132            android:exported="false" >
132-->[com.google.firebase:firebase-database:20.0.2] AndroidManifest.xml:31:13-37
133            <meta-data
133-->[com.google.firebase:firebase-database:20.0.2] AndroidManifest.xml:32:13-34:85
134                android:name="com.google.firebase.components:com.google.firebase.database.DatabaseRegistrar"
134-->[com.google.firebase:firebase-database:20.0.2] AndroidManifest.xml:33:17-109
135                android:value="com.google.firebase.components.ComponentRegistrar" />
135-->[com.google.firebase:firebase-database:20.0.2] AndroidManifest.xml:34:17-82
136            <meta-data
136-->[com.google.firebase:firebase-firestore:23.0.4] AndroidManifest.xml:20:13-22:85
137                android:name="com.google.firebase.components:com.google.firebase.firestore.FirestoreRegistrar"
137-->[com.google.firebase:firebase-firestore:23.0.4] AndroidManifest.xml:21:17-111
138                android:value="com.google.firebase.components.ComponentRegistrar" />
138-->[com.google.firebase:firebase-firestore:23.0.4] AndroidManifest.xml:22:17-82
139            <meta-data
139-->[com.google.firebase:firebase-storage:20.0.0] AndroidManifest.xml:33:13-35:85
140                android:name="com.google.firebase.components:com.google.firebase.storage.StorageRegistrar"
140-->[com.google.firebase:firebase-storage:20.0.0] AndroidManifest.xml:34:17-107
141                android:value="com.google.firebase.components.ComponentRegistrar" />
141-->[com.google.firebase:firebase-storage:20.0.0] AndroidManifest.xml:35:17-82
142            <meta-data
142-->[com.google.firebase:firebase-auth:21.0.1] AndroidManifest.xml:77:13-79:85
143                android:name="com.google.firebase.components:com.google.firebase.auth.FirebaseAuthRegistrar"
143-->[com.google.firebase:firebase-auth:21.0.1] AndroidManifest.xml:78:17-109
144                android:value="com.google.firebase.components.ComponentRegistrar" />
144-->[com.google.firebase:firebase-auth:21.0.1] AndroidManifest.xml:79:17-82
145            <meta-data
145-->[com.google.firebase:firebase-messaging:23.0.0] AndroidManifest.xml:52:13-54:85
146                android:name="com.google.firebase.components:com.google.firebase.messaging.FirebaseMessagingRegistrar"
146-->[com.google.firebase:firebase-messaging:23.0.0] AndroidManifest.xml:53:17-119
147                android:value="com.google.firebase.components.ComponentRegistrar" />
147-->[com.google.firebase:firebase-messaging:23.0.0] AndroidManifest.xml:54:17-82
148            <meta-data
148-->[com.google.firebase:firebase-datatransport:18.0.0] AndroidManifest.xml:28:13-30:85
149                android:name="com.google.firebase.components:com.google.firebase.datatransport.TransportRegistrar"
149-->[com.google.firebase:firebase-datatransport:18.0.0] AndroidManifest.xml:29:17-115
150                android:value="com.google.firebase.components.ComponentRegistrar" />
150-->[com.google.firebase:firebase-datatransport:18.0.0] AndroidManifest.xml:30:17-82
151            <meta-data
151-->[com.google.firebase:firebase-installations:17.0.0] AndroidManifest.xml:18:13-20:85
152                android:name="com.google.firebase.components:com.google.firebase.installations.FirebaseInstallationsRegistrar"
152-->[com.google.firebase:firebase-installations:17.0.0] AndroidManifest.xml:19:17-127
153                android:value="com.google.firebase.components.ComponentRegistrar" />
153-->[com.google.firebase:firebase-installations:17.0.0] AndroidManifest.xml:20:17-82
154        </service>
155
156        <activity
156-->[com.google.firebase:firebase-auth:21.0.1] AndroidManifest.xml:27:9-44:20
157            android:name="com.google.firebase.auth.internal.GenericIdpActivity"
157-->[com.google.firebase:firebase-auth:21.0.1] AndroidManifest.xml:28:13-80
158            android:excludeFromRecents="true"
158-->[com.google.firebase:firebase-auth:21.0.1] AndroidManifest.xml:29:13-46
159            android:exported="true"
159-->[com.google.firebase:firebase-auth:21.0.1] AndroidManifest.xml:30:13-36
160            android:launchMode="singleTask"
160-->[com.google.firebase:firebase-auth:21.0.1] AndroidManifest.xml:31:13-44
161            android:theme="@android:style/Theme.Translucent.NoTitleBar" >
161-->[com.google.firebase:firebase-auth:21.0.1] AndroidManifest.xml:32:13-72
162            <intent-filter>
162-->[com.google.firebase:firebase-auth:21.0.1] AndroidManifest.xml:33:13-43:29
163                <action android:name="android.intent.action.VIEW" />
163-->[com.google.firebase:firebase-auth:21.0.1] AndroidManifest.xml:34:17-69
163-->[com.google.firebase:firebase-auth:21.0.1] AndroidManifest.xml:34:25-66
164
165                <category android:name="android.intent.category.DEFAULT" />
165-->[com.google.firebase:firebase-auth:21.0.1] AndroidManifest.xml:36:17-76
165-->[com.google.firebase:firebase-auth:21.0.1] AndroidManifest.xml:36:27-73
166                <category android:name="android.intent.category.BROWSABLE" />
166-->[com.google.firebase:firebase-auth:21.0.1] AndroidManifest.xml:37:17-78
166-->[com.google.firebase:firebase-auth:21.0.1] AndroidManifest.xml:37:27-75
167
168                <data
168-->[com.google.firebase:firebase-auth:21.0.1] AndroidManifest.xml:39:17-42:51
169                    android:host="firebase.auth"
169-->[com.google.firebase:firebase-auth:21.0.1] AndroidManifest.xml:40:21-49
170                    android:path="/"
170-->[com.google.firebase:firebase-auth:21.0.1] AndroidManifest.xml:41:21-37
171                    android:scheme="genericidp" />
171-->[com.google.firebase:firebase-auth:21.0.1] AndroidManifest.xml:42:21-48
172            </intent-filter>
173        </activity>
174        <activity
174-->[com.google.firebase:firebase-auth:21.0.1] AndroidManifest.xml:45:9-62:20
175            android:name="com.google.firebase.auth.internal.RecaptchaActivity"
175-->[com.google.firebase:firebase-auth:21.0.1] AndroidManifest.xml:46:13-79
176            android:excludeFromRecents="true"
176-->[com.google.firebase:firebase-auth:21.0.1] AndroidManifest.xml:47:13-46
177            android:exported="true"
177-->[com.google.firebase:firebase-auth:21.0.1] AndroidManifest.xml:48:13-36
178            android:launchMode="singleTask"
178-->[com.google.firebase:firebase-auth:21.0.1] AndroidManifest.xml:49:13-44
179            android:theme="@android:style/Theme.Translucent.NoTitleBar" >
179-->[com.google.firebase:firebase-auth:21.0.1] AndroidManifest.xml:50:13-72
180            <intent-filter>
180-->[com.google.firebase:firebase-auth:21.0.1] AndroidManifest.xml:51:13-61:29
181                <action android:name="android.intent.action.VIEW" />
181-->[com.google.firebase:firebase-auth:21.0.1] AndroidManifest.xml:34:17-69
181-->[com.google.firebase:firebase-auth:21.0.1] AndroidManifest.xml:34:25-66
182
183                <category android:name="android.intent.category.DEFAULT" />
183-->[com.google.firebase:firebase-auth:21.0.1] AndroidManifest.xml:36:17-76
183-->[com.google.firebase:firebase-auth:21.0.1] AndroidManifest.xml:36:27-73
184                <category android:name="android.intent.category.BROWSABLE" />
184-->[com.google.firebase:firebase-auth:21.0.1] AndroidManifest.xml:37:17-78
184-->[com.google.firebase:firebase-auth:21.0.1] AndroidManifest.xml:37:27-75
185
186                <data
186-->[com.google.firebase:firebase-auth:21.0.1] AndroidManifest.xml:39:17-42:51
187                    android:host="firebase.auth"
187-->[com.google.firebase:firebase-auth:21.0.1] AndroidManifest.xml:40:21-49
188                    android:path="/"
188-->[com.google.firebase:firebase-auth:21.0.1] AndroidManifest.xml:41:21-37
189                    android:scheme="recaptcha" />
189-->[com.google.firebase:firebase-auth:21.0.1] AndroidManifest.xml:42:21-48
190            </intent-filter>
191        </activity>
192
193        <service
193-->[com.google.firebase:firebase-auth:21.0.1] AndroidManifest.xml:64:9-73:19
194            android:name="com.google.firebase.auth.api.fallback.service.FirebaseAuthFallbackService"
194-->[com.google.firebase:firebase-auth:21.0.1] AndroidManifest.xml:65:13-101
195            android:enabled="true"
195-->[com.google.firebase:firebase-auth:21.0.1] AndroidManifest.xml:66:13-35
196            android:exported="false" >
196-->[com.google.firebase:firebase-auth:21.0.1] AndroidManifest.xml:67:13-37
197            <intent-filter>
197-->[com.google.firebase:firebase-auth:21.0.1] AndroidManifest.xml:68:13-72:29
198                <action android:name="com.google.firebase.auth.api.gms.service.START" />
198-->[com.google.firebase:firebase-auth:21.0.1] AndroidManifest.xml:69:17-89
198-->[com.google.firebase:firebase-auth:21.0.1] AndroidManifest.xml:69:25-86
199
200                <category android:name="android.intent.category.DEFAULT" />
200-->[com.google.firebase:firebase-auth:21.0.1] AndroidManifest.xml:36:17-76
200-->[com.google.firebase:firebase-auth:21.0.1] AndroidManifest.xml:36:27-73
201            </intent-filter>
202        </service>
203
204        <receiver
204-->[com.google.firebase:firebase-messaging:23.0.0] AndroidManifest.xml:28:9-35:20
205            android:name="com.google.firebase.iid.FirebaseInstanceIdReceiver"
205-->[com.google.firebase:firebase-messaging:23.0.0] AndroidManifest.xml:29:13-78
206            android:exported="true"
206-->[com.google.firebase:firebase-messaging:23.0.0] AndroidManifest.xml:30:13-36
207            android:permission="com.google.android.c2dm.permission.SEND" >
207-->[com.google.firebase:firebase-messaging:23.0.0] AndroidManifest.xml:31:13-73
208            <intent-filter>
208-->[com.google.firebase:firebase-messaging:23.0.0] AndroidManifest.xml:32:13-34:29
209                <action android:name="com.google.android.c2dm.intent.RECEIVE" />
209-->[com.google.firebase:firebase-messaging:23.0.0] AndroidManifest.xml:33:17-81
209-->[com.google.firebase:firebase-messaging:23.0.0] AndroidManifest.xml:33:25-78
210            </intent-filter>
211        </receiver>
212        <!--
213             FirebaseMessagingService performs security checks at runtime,
214             but set to not exported to explicitly avoid allowing another app to call it.
215        -->
216        <service
216-->[com.google.firebase:firebase-messaging:23.0.0] AndroidManifest.xml:41:9-48:19
217            android:name="com.google.firebase.messaging.FirebaseMessagingService"
217-->[com.google.firebase:firebase-messaging:23.0.0] AndroidManifest.xml:42:13-82
218            android:directBootAware="true"
218-->[com.google.firebase:firebase-messaging:23.0.0] AndroidManifest.xml:43:13-43
219            android:exported="false" >
219-->[com.google.firebase:firebase-messaging:23.0.0] AndroidManifest.xml:44:13-37
220            <intent-filter android:priority="-500" >
220-->src\main\AndroidManifest.xml:92:13-94:29
221                <action android:name="com.google.firebase.MESSAGING_EVENT" />
221-->src\main\AndroidManifest.xml:93:17-78
221-->src\main\AndroidManifest.xml:93:25-75
222            </intent-filter>
223        </service>
224        <service
224-->[com.google.android.datatransport:transport-backend-cct:3.0.0] AndroidManifest.xml:29:9-35:19
225            android:name="com.google.android.datatransport.runtime.backends.TransportBackendDiscovery"
225-->[com.google.android.datatransport:transport-backend-cct:3.0.0] AndroidManifest.xml:30:13-103
226            android:exported="false" >
226-->[com.google.android.datatransport:transport-backend-cct:3.0.0] AndroidManifest.xml:31:13-37
227            <meta-data
227-->[com.google.android.datatransport:transport-backend-cct:3.0.0] AndroidManifest.xml:32:13-34:39
228                android:name="backend:com.google.android.datatransport.cct.CctBackendFactory"
228-->[com.google.android.datatransport:transport-backend-cct:3.0.0] AndroidManifest.xml:33:17-94
229                android:value="cct" />
229-->[com.google.android.datatransport:transport-backend-cct:3.0.0] AndroidManifest.xml:34:17-36
230        </service>
231
232        <provider
232-->[com.google.firebase:firebase-common:20.0.0] AndroidManifest.xml:26:9-31:39
233            android:name="com.google.firebase.provider.FirebaseInitProvider"
233-->[com.google.firebase:firebase-common:20.0.0] AndroidManifest.xml:27:13-77
234            android:authorities="com.example.gabble.firebaseinitprovider"
234-->[com.google.firebase:firebase-common:20.0.0] AndroidManifest.xml:28:13-72
235            android:directBootAware="true"
235-->[com.google.firebase:firebase-common:20.0.0] AndroidManifest.xml:29:13-43
236            android:exported="false"
236-->[com.google.firebase:firebase-common:20.0.0] AndroidManifest.xml:30:13-37
237            android:initOrder="100" />
237-->[com.google.firebase:firebase-common:20.0.0] AndroidManifest.xml:31:13-36
238
239        <activity
239-->[com.google.android.gms:play-services-base:17.1.0] AndroidManifest.xml:23:9-26:75
240            android:name="com.google.android.gms.common.api.GoogleApiActivity"
240-->[com.google.android.gms:play-services-base:17.1.0] AndroidManifest.xml:24:13-79
241            android:exported="false"
241-->[com.google.android.gms:play-services-base:17.1.0] AndroidManifest.xml:25:13-37
242            android:theme="@android:style/Theme.Translucent.NoTitleBar" />
242-->[com.google.android.gms:play-services-base:17.1.0] AndroidManifest.xml:26:13-72
243
244        <meta-data
244-->[com.google.android.gms:play-services-basement:17.1.0] AndroidManifest.xml:23:9-25:69
245            android:name="com.google.android.gms.version"
245-->[com.google.android.gms:play-services-basement:17.1.0] AndroidManifest.xml:24:13-58
246            android:value="@integer/google_play_services_version" />
246-->[com.google.android.gms:play-services-basement:17.1.0] AndroidManifest.xml:25:13-66
247
248        <provider
248-->[androidx.emoji2:emoji2:1.0.0] AndroidManifest.xml:26:9-34:20
249            android:name="androidx.startup.InitializationProvider"
249-->[androidx.emoji2:emoji2:1.0.0] AndroidManifest.xml:27:13-67
250            android:authorities="com.example.gabble.androidx-startup"
250-->[androidx.emoji2:emoji2:1.0.0] AndroidManifest.xml:28:13-68
251            android:exported="false" >
251-->[androidx.emoji2:emoji2:1.0.0] AndroidManifest.xml:29:13-37
252            <meta-data
252-->[androidx.emoji2:emoji2:1.0.0] AndroidManifest.xml:31:13-33:52
253                android:name="androidx.emoji2.text.EmojiCompatInitializer"
253-->[androidx.emoji2:emoji2:1.0.0] AndroidManifest.xml:32:17-75
254                android:value="androidx.startup" />
254-->[androidx.emoji2:emoji2:1.0.0] AndroidManifest.xml:33:17-49
255            <meta-data
255-->[androidx.lifecycle:lifecycle-process:2.4.0] AndroidManifest.xml:31:13-33:52
256                android:name="androidx.lifecycle.ProcessLifecycleInitializer"
256-->[androidx.lifecycle:lifecycle-process:2.4.0] AndroidManifest.xml:32:17-78
257                android:value="androidx.startup" />
257-->[androidx.lifecycle:lifecycle-process:2.4.0] AndroidManifest.xml:33:17-49
258        </provider>
259
260        <service
260-->[com.google.android.datatransport:transport-runtime:3.0.0] AndroidManifest.xml:26:9-30:19
261            android:name="com.google.android.datatransport.runtime.scheduling.jobscheduling.JobInfoSchedulerService"
261-->[com.google.android.datatransport:transport-runtime:3.0.0] AndroidManifest.xml:27:13-117
262            android:exported="false"
262-->[com.google.android.datatransport:transport-runtime:3.0.0] AndroidManifest.xml:28:13-37
263            android:permission="android.permission.BIND_JOB_SERVICE" >
263-->[com.google.android.datatransport:transport-runtime:3.0.0] AndroidManifest.xml:29:13-69
264        </service>
265
266        <receiver
266-->[com.google.android.datatransport:transport-runtime:3.0.0] AndroidManifest.xml:32:9-34:40
267            android:name="com.google.android.datatransport.runtime.scheduling.jobscheduling.AlarmManagerSchedulerBroadcastReceiver"
267-->[com.google.android.datatransport:transport-runtime:3.0.0] AndroidManifest.xml:33:13-132
268            android:exported="false" />
268-->[com.google.android.datatransport:transport-runtime:3.0.0] AndroidManifest.xml:34:13-37
269    </application>
270
271</manifest>